<?xml version="1.0" encoding="UTF-8"?>
<robot generator="Robot 6.1.1 (Python 3.10.12 on linux)" generated="20231113 15:38:35.782" rpa="false" schemaversion="4">
<suite id="s1" name="Tests" source="/home/alasanni/palautusrepositorio/viikko3/hello-robot/src/tests">
<suite id="s1-s1" name="Increase Counter" source="/home/alasanni/palautusrepositorio/viikko3/hello-robot/src/tests/increase_counter.robot">
<test id="s1-s1-t1" name="Increase Counter Once" line="5">
<kw name="Counter Value Should Be" library="CounterLibrary">
<arg>0</arg>
<status status="PASS" starttime="20231113 15:38:35.796" endtime="20231113 15:38:35.797"/>
</kw>
<kw name="Increase Counter" library="CounterLibrary">
<status status="PASS" starttime="20231113 15:38:35.797" endtime="20231113 15:38:35.797"/>
</kw>
<kw name="Counter Value Should Be" library="CounterLibrary">
<arg>1</arg>
<status status="PASS" starttime="20231113 15:38:35.797" endtime="20231113 15:38:35.797"/>
</kw>
<status status="PASS" starttime="20231113 15:38:35.796" endtime="20231113 15:38:35.797"/>
</test>
<test id="s1-s1-t2" name="Increase Counter Many Times" line="10">
<kw name="Counter Value Should Be" library="CounterLibrary">
<arg>0</arg>
<status status="PASS" starttime="20231113 15:38:35.797" endtime="20231113 15:38:35.797"/>
</kw>
<kw name="Increase Counter" library="CounterLibrary">
<status status="PASS" starttime="20231113 15:38:35.797" endtime="20231113 15:38:35.797"/>
</kw>
<kw name="Increase Counter" library="CounterLibrary">
<status status="PASS" starttime="20231113 15:38:35.797" endtime="20231113 15:38:35.797"/>
</kw>
<kw name="Increase Counter" library="CounterLibrary">
<status status="PASS" starttime="20231113 15:38:35.798" endtime="20231113 15:38:35.798"/>
</kw>
<kw name="Counter Value Should Be" library="CounterLibrary">
<arg>3</arg>
<status status="PASS" starttime="20231113 15:38:35.798" endtime="20231113 15:38:35.798"/>
</kw>
<status status="PASS" starttime="20231113 15:38:35.797" endtime="20231113 15:38:35.798"/>
</test>
<test id="s1-s1-t3" name="Increment Counter By Amount" line="17">
<kw name="Counter Value Should Be" library="CounterLibrary">
<arg>0</arg>
<status status="PASS" starttime="20231113 15:38:35.798" endtime="20231113 15:38:35.798"/>
</kw>
<kw name="Increment Counter By" library="CounterLibrary">
<arg>5</arg>
<status status="PASS" starttime="20231113 15:38:35.798" endtime="20231113 15:38:35.798"/>
</kw>
<kw name="Counter Value Should Be" library="CounterLibrary">
<arg>5</arg>
<status status="PASS" starttime="20231113 15:38:35.798" endtime="20231113 15:38:35.798"/>
</kw>
<status status="PASS" starttime="20231113 15:38:35.798" endtime="20231113 15:38:35.798"/>
</test>
<status status="PASS" starttime="20231113 15:38:35.794" endtime="20231113 15:38:35.799"/>
</suite>
<suite id="s1-s2" name="Reset Counter" source="/home/alasanni/palautusrepositorio/viikko3/hello-robot/src/tests/reset_counter.robot">
<test id="s1-s2-t1" name="Reset Counter After One Increment" line="5">
<kw name="Counter Value Should Be" library="CounterLibrary">
<arg>0</arg>
<status status="PASS" starttime="20231113 15:38:35.800" endtime="20231113 15:38:35.800"/>
</kw>
<kw name="Increase Counter" library="CounterLibrary">
<status status="PASS" starttime="20231113 15:38:35.800" endtime="20231113 15:38:35.801"/>
</kw>
<kw name="Counter Value Should Be" library="CounterLibrary">
<arg>1</arg>
<status status="PASS" starttime="20231113 15:38:35.801" endtime="20231113 15:38:35.801"/>
</kw>
<kw name="Reset Counter" library="CounterLibrary">
<status status="PASS" starttime="20231113 15:38:35.801" endtime="20231113 15:38:35.801"/>
</kw>
<kw name="Counter Value Should Be" library="CounterLibrary">
<arg>0</arg>
<status status="PASS" starttime="20231113 15:38:35.801" endtime="20231113 15:38:35.801"/>
</kw>
<status status="PASS" starttime="20231113 15:38:35.800" endtime="20231113 15:38:35.801"/>
</test>
<test id="s1-s2-t2" name="Reset Counter After Several Increments" line="12">
<kw name="Counter Value Should Be" library="CounterLibrary">
<arg>0</arg>
<status status="PASS" starttime="20231113 15:38:35.801" endtime="20231113 15:38:35.801"/>
</kw>
<kw name="Increment Counter By" library="CounterLibrary">
<arg>5</arg>
<status status="PASS" starttime="20231113 15:38:35.801" endtime="20231113 15:38:35.801"/>
</kw>
<kw name="Counter Value Should Be" library="CounterLibrary">
<arg>5</arg>
<status status="PASS" starttime="20231113 15:38:35.801" endtime="20231113 15:38:35.802"/>
</kw>
<kw name="Reset Counter" library="CounterLibrary">
<status status="PASS" starttime="20231113 15:38:35.802" endtime="20231113 15:38:35.802"/>
</kw>
<kw name="Counter Value Should Be" library="CounterLibrary">
<arg>0</arg>
<status status="PASS" starttime="20231113 15:38:35.802" endtime="20231113 15:38:35.802"/>
</kw>
<status status="PASS" starttime="20231113 15:38:35.801" endtime="20231113 15:38:35.802"/>
</test>
<status status="PASS" starttime="20231113 15:38:35.799" endtime="20231113 15:38:35.802"/>
</suite>
<status status="PASS" starttime="20231113 15:38:35.783" endtime="20231113 15:38:35.802"/>
</suite>
<statistics>
<total>
<stat pass="5" fail="0" skip="0">All Tests</stat>
</total>
<tag>
</tag>
<suite>
<stat pass="5" fail="0" skip="0" id="s1" name="Tests">Tests</stat>
<stat pass="3" fail="0" skip="0" id="s1-s1" name="Increase Counter">Tests.Increase Counter</stat>
<stat pass="2" fail="0" skip="0" id="s1-s2" name="Reset Counter">Tests.Reset Counter</stat>
</suite>
</statistics>
<errors>
</errors>
</robot>
