<?xml version="1.0" encoding="UTF-8"?>
<robot generator="Robot 6.1.1 (Python 3.10.12 on linux)" generated="20231113 17:22:50.656" rpa="false" schemaversion="4">
<suite id="s1" name="Tests" source="/home/alasanni/palautusrepositorio/viikko3/login-robot/src/tests">
<suite id="s1-s1" name="Login" source="/home/alasanni/palautusrepositorio/viikko3/login-robot/src/tests/login.robot">
<test id="s1-s1-t1" name="Login With Correct Credentials" line="6">
<kw name="Create User And Input Login Command" type="SETUP">
<kw name="Create User" library="AppLibrary">
<arg>kalle</arg>
<arg>kalle123</arg>
<status status="PASS" starttime="20231113 17:22:50.670" endtime="20231113 17:22:50.671"/>
</kw>
<kw name="Input Login Command" library="resource">
<kw name="Input" library="AppLibrary">
<arg>login</arg>
<status status="PASS" starttime="20231113 17:22:50.671" endtime="20231113 17:22:50.671"/>
</kw>
<status status="PASS" starttime="20231113 17:22:50.671" endtime="20231113 17:22:50.671"/>
</kw>
<status status="PASS" starttime="20231113 17:22:50.670" endtime="20231113 17:22:50.671"/>
</kw>
<kw name="Input Credentials" library="resource">
<arg>kalle</arg>
<arg>kalle123</arg>
<kw name="Input" library="AppLibrary">
<arg>${username}</arg>
<status status="PASS" starttime="20231113 17:22:50.671" endtime="20231113 17:22:50.671"/>
</kw>
<kw name="Input" library="AppLibrary">
<arg>${password}</arg>
<status status="PASS" starttime="20231113 17:22:50.671" endtime="20231113 17:22:50.671"/>
</kw>
<kw name="Run Application" library="AppLibrary">
<status status="PASS" starttime="20231113 17:22:50.672" endtime="20231113 17:22:50.672"/>
</kw>
<status status="PASS" starttime="20231113 17:22:50.671" endtime="20231113 17:22:50.672"/>
</kw>
<kw name="Output Should Contain" library="AppLibrary">
<arg>Logged in</arg>
<status status="PASS" starttime="20231113 17:22:50.672" endtime="20231113 17:22:50.672"/>
</kw>
<status status="PASS" starttime="20231113 17:22:50.670" endtime="20231113 17:22:50.672"/>
</test>
<test id="s1-s1-t2" name="Login With Incorrect Password" line="10">
<kw name="Create User And Input Login Command" type="SETUP">
<kw name="Create User" library="AppLibrary">
<arg>kalle</arg>
<arg>kalle123</arg>
<status status="PASS" starttime="20231113 17:22:50.672" endtime="20231113 17:22:50.672"/>
</kw>
<kw name="Input Login Command" library="resource">
<kw name="Input" library="AppLibrary">
<arg>login</arg>
<status status="PASS" starttime="20231113 17:22:50.673" endtime="20231113 17:22:50.673"/>
</kw>
<status status="PASS" starttime="20231113 17:22:50.672" endtime="20231113 17:22:50.673"/>
</kw>
<status status="PASS" starttime="20231113 17:22:50.672" endtime="20231113 17:22:50.673"/>
</kw>
<kw name="Input Credentials" library="resource">
<arg>testi</arg>
<arg>testi123</arg>
<kw name="Input" library="AppLibrary">
<arg>${username}</arg>
<status status="PASS" starttime="20231113 17:22:50.673" endtime="20231113 17:22:50.673"/>
</kw>
<kw name="Input" library="AppLibrary">
<arg>${password}</arg>
<status status="PASS" starttime="20231113 17:22:50.673" endtime="20231113 17:22:50.673"/>
</kw>
<kw name="Run Application" library="AppLibrary">
<status status="PASS" starttime="20231113 17:22:50.673" endtime="20231113 17:22:50.673"/>
</kw>
<status status="PASS" starttime="20231113 17:22:50.673" endtime="20231113 17:22:50.673"/>
</kw>
<kw name="Output Should Contain" library="AppLibrary">
<arg>Invalid username or password</arg>
<status status="PASS" starttime="20231113 17:22:50.673" endtime="20231113 17:22:50.673"/>
</kw>
<status status="PASS" starttime="20231113 17:22:50.672" endtime="20231113 17:22:50.673"/>
</test>
<test id="s1-s1-t3" name="Login With Nonexistent Username" line="14">
<kw name="Create User And Input Login Command" type="SETUP">
<kw name="Create User" library="AppLibrary">
<arg>kalle</arg>
<arg>kalle123</arg>
<status status="PASS" starttime="20231113 17:22:50.674" endtime="20231113 17:22:50.674"/>
</kw>
<kw name="Input Login Command" library="resource">
<kw name="Input" library="AppLibrary">
<arg>login</arg>
<status status="PASS" starttime="20231113 17:22:50.674" endtime="20231113 17:22:50.674"/>
</kw>
<status status="PASS" starttime="20231113 17:22:50.674" endtime="20231113 17:22:50.674"/>
</kw>
<status status="PASS" starttime="20231113 17:22:50.674" endtime="20231113 17:22:50.674"/>
</kw>
<kw name="Input Credentials" library="resource">
<arg>testi</arg>
<arg>testi123</arg>
<kw name="Input" library="AppLibrary">
<arg>${username}</arg>
<status status="PASS" starttime="20231113 17:22:50.674" endtime="20231113 17:22:50.674"/>
</kw>
<kw name="Input" library="AppLibrary">
<arg>${password}</arg>
<status status="PASS" starttime="20231113 17:22:50.674" endtime="20231113 17:22:50.675"/>
</kw>
<kw name="Run Application" library="AppLibrary">
<status status="PASS" starttime="20231113 17:22:50.675" endtime="20231113 17:22:50.675"/>
</kw>
<status status="PASS" starttime="20231113 17:22:50.674" endtime="20231113 17:22:50.675"/>
</kw>
<kw name="Output Should Contain" library="AppLibrary">
<arg>Invalid username or password</arg>
<status status="PASS" starttime="20231113 17:22:50.675" endtime="20231113 17:22:50.675"/>
</kw>
<status status="PASS" starttime="20231113 17:22:50.674" endtime="20231113 17:22:50.675"/>
</test>
<status status="PASS" starttime="20231113 17:22:50.667" endtime="20231113 17:22:50.675"/>
</suite>
<suite id="s1-s2" name="Register" source="/home/alasanni/palautusrepositorio/viikko3/login-robot/src/tests/register.robot">
<test id="s1-s2-t1" name="Register With Valid Username And Password" line="6">
<kw name="Input New Command And Create User" type="SETUP">
<kw name="Input New Command" library="resource">
<kw name="Input" library="AppLibrary">
<arg>new</arg>
<status status="PASS" starttime="20231113 17:22:50.677" endtime="20231113 17:22:50.677"/>
</kw>
<status status="PASS" starttime="20231113 17:22:50.677" endtime="20231113 17:22:50.677"/>
</kw>
<kw name="Create User" library="AppLibrary">
<arg>kalle</arg>
<arg>kalle123</arg>
<status status="PASS" starttime="20231113 17:22:50.677" endtime="20231113 17:22:50.677"/>
</kw>
<status status="PASS" starttime="20231113 17:22:50.677" endtime="20231113 17:22:50.677"/>
</kw>
<kw name="Input Credentials" library="resource">
<arg>moikka</arg>
<arg>moikka123</arg>
<kw name="Input" library="AppLibrary">
<arg>${username}</arg>
<status status="PASS" starttime="20231113 17:22:50.678" endtime="20231113 17:22:50.678"/>
</kw>
<kw name="Input" library="AppLibrary">
<arg>${password}</arg>
<status status="PASS" starttime="20231113 17:22:50.678" endtime="20231113 17:22:50.678"/>
</kw>
<kw name="Run Application" library="AppLibrary">
<status status="PASS" starttime="20231113 17:22:50.678" endtime="20231113 17:22:50.678"/>
</kw>
<status status="PASS" starttime="20231113 17:22:50.677" endtime="20231113 17:22:50.678"/>
</kw>
<kw name="Output Should Contain" library="AppLibrary">
<arg>New user registered</arg>
<status status="PASS" starttime="20231113 17:22:50.678" endtime="20231113 17:22:50.678"/>
</kw>
<status status="PASS" starttime="20231113 17:22:50.677" endtime="20231113 17:22:50.678"/>
</test>
<test id="s1-s2-t2" name="Register With Already Taken Username And Valid Password" line="10">
<kw name="Input New Command And Create User" type="SETUP">
<kw name="Input New Command" library="resource">
<kw name="Input" library="AppLibrary">
<arg>new</arg>
<status status="PASS" starttime="20231113 17:22:50.679" endtime="20231113 17:22:50.679"/>
</kw>
<status status="PASS" starttime="20231113 17:22:50.679" endtime="20231113 17:22:50.679"/>
</kw>
<kw name="Create User" library="AppLibrary">
<arg>kalle</arg>
<arg>kalle123</arg>
<status status="PASS" starttime="20231113 17:22:50.679" endtime="20231113 17:22:50.679"/>
</kw>
<status status="PASS" starttime="20231113 17:22:50.678" endtime="20231113 17:22:50.679"/>
</kw>
<kw name="Input Credentials" library="resource">
<arg>kalle</arg>
<arg>kalle12345</arg>
<kw name="Input" library="AppLibrary">
<arg>${username}</arg>
<status status="PASS" starttime="20231113 17:22:50.680" endtime="20231113 17:22:50.680"/>
</kw>
<kw name="Input" library="AppLibrary">
<arg>${password}</arg>
<status status="PASS" starttime="20231113 17:22:50.680" endtime="20231113 17:22:50.680"/>
</kw>
<kw name="Run Application" library="AppLibrary">
<status status="PASS" starttime="20231113 17:22:50.680" endtime="20231113 17:22:50.680"/>
</kw>
<status status="PASS" starttime="20231113 17:22:50.679" endtime="20231113 17:22:50.680"/>
</kw>
<kw name="Output Should Contain" library="AppLibrary">
<arg>Username already exists</arg>
<status status="PASS" starttime="20231113 17:22:50.680" endtime="20231113 17:22:50.680"/>
</kw>
<status status="PASS" starttime="20231113 17:22:50.678" endtime="20231113 17:22:50.680"/>
</test>
<test id="s1-s2-t3" name="Register With Too Short Username And Valid Password" line="14">
<kw name="Input New Command And Create User" type="SETUP">
<kw name="Input New Command" library="resource">
<kw name="Input" library="AppLibrary">
<arg>new</arg>
<status status="PASS" starttime="20231113 17:22:50.681" endtime="20231113 17:22:50.681"/>
</kw>
<status status="PASS" starttime="20231113 17:22:50.681" endtime="20231113 17:22:50.681"/>
</kw>
<kw name="Create User" library="AppLibrary">
<arg>kalle</arg>
<arg>kalle123</arg>
<status status="PASS" starttime="20231113 17:22:50.681" endtime="20231113 17:22:50.681"/>
</kw>
<status status="PASS" starttime="20231113 17:22:50.681" endtime="20231113 17:22:50.681"/>
</kw>
<kw name="Input Credentials" library="resource">
<arg>mo</arg>
<arg>moikka12345</arg>
<kw name="Input" library="AppLibrary">
<arg>${username}</arg>
<status status="PASS" starttime="20231113 17:22:50.682" endtime="20231113 17:22:50.682"/>
</kw>
<kw name="Input" library="AppLibrary">
<arg>${password}</arg>
<status status="PASS" starttime="20231113 17:22:50.682" endtime="20231113 17:22:50.682"/>
</kw>
<kw name="Run Application" library="AppLibrary">
<status status="PASS" starttime="20231113 17:22:50.682" endtime="20231113 17:22:50.682"/>
</kw>
<status status="PASS" starttime="20231113 17:22:50.681" endtime="20231113 17:22:50.682"/>
</kw>
<kw name="Output Should Contain" library="AppLibrary">
<arg>Username too short</arg>
<status status="PASS" starttime="20231113 17:22:50.682" endtime="20231113 17:22:50.682"/>
</kw>
<status status="PASS" starttime="20231113 17:22:50.681" endtime="20231113 17:22:50.682"/>
</test>
<test id="s1-s2-t4" name="Register With Enough Long But Invald Username And Valid Password" line="18">
<kw name="Input New Command And Create User" type="SETUP">
<kw name="Input New Command" library="resource">
<kw name="Input" library="AppLibrary">
<arg>new</arg>
<status status="PASS" starttime="20231113 17:22:50.683" endtime="20231113 17:22:50.683"/>
</kw>
<status status="PASS" starttime="20231113 17:22:50.683" endtime="20231113 17:22:50.683"/>
</kw>
<kw name="Create User" library="AppLibrary">
<arg>kalle</arg>
<arg>kalle123</arg>
<status status="PASS" starttime="20231113 17:22:50.683" endtime="20231113 17:22:50.683"/>
</kw>
<status status="PASS" starttime="20231113 17:22:50.682" endtime="20231113 17:22:50.683"/>
</kw>
<kw name="Input Credentials" library="resource">
<arg>moikka123</arg>
<arg>moikka12345</arg>
<kw name="Input" library="AppLibrary">
<arg>${username}</arg>
<status status="PASS" starttime="20231113 17:22:50.683" endtime="20231113 17:22:50.683"/>
</kw>
<kw name="Input" library="AppLibrary">
<arg>${password}</arg>
<status status="PASS" starttime="20231113 17:22:50.683" endtime="20231113 17:22:50.683"/>
</kw>
<kw name="Run Application" library="AppLibrary">
<status status="PASS" starttime="20231113 17:22:50.683" endtime="20231113 17:22:50.683"/>
</kw>
<status status="PASS" starttime="20231113 17:22:50.683" endtime="20231113 17:22:50.683"/>
</kw>
<kw name="Output Should Contain" library="AppLibrary">
<arg>Username can only contain letters a-z</arg>
<status status="PASS" starttime="20231113 17:22:50.683" endtime="20231113 17:22:50.684"/>
</kw>
<status status="PASS" starttime="20231113 17:22:50.682" endtime="20231113 17:22:50.684"/>
</test>
<test id="s1-s2-t5" name="Register With Valid Username And Too Short Password" line="22">
<kw name="Input New Command And Create User" type="SETUP">
<kw name="Input New Command" library="resource">
<kw name="Input" library="AppLibrary">
<arg>new</arg>
<status status="PASS" starttime="20231113 17:22:50.684" endtime="20231113 17:22:50.684"/>
</kw>
<status status="PASS" starttime="20231113 17:22:50.684" endtime="20231113 17:22:50.684"/>
</kw>
<kw name="Create User" library="AppLibrary">
<arg>kalle</arg>
<arg>kalle123</arg>
<status status="PASS" starttime="20231113 17:22:50.684" endtime="20231113 17:22:50.684"/>
</kw>
<status status="PASS" starttime="20231113 17:22:50.684" endtime="20231113 17:22:50.684"/>
</kw>
<kw name="Input Credentials" library="resource">
<arg>moikka</arg>
<arg>moi1</arg>
<kw name="Input" library="AppLibrary">
<arg>${username}</arg>
<status status="PASS" starttime="20231113 17:22:50.685" endtime="20231113 17:22:50.685"/>
</kw>
<kw name="Input" library="AppLibrary">
<arg>${password}</arg>
<status status="PASS" starttime="20231113 17:22:50.685" endtime="20231113 17:22:50.685"/>
</kw>
<kw name="Run Application" library="AppLibrary">
<status status="PASS" starttime="20231113 17:22:50.685" endtime="20231113 17:22:50.685"/>
</kw>
<status status="PASS" starttime="20231113 17:22:50.684" endtime="20231113 17:22:50.685"/>
</kw>
<kw name="Output Should Contain" library="AppLibrary">
<arg>Password too short</arg>
<status status="PASS" starttime="20231113 17:22:50.685" endtime="20231113 17:22:50.685"/>
</kw>
<status status="PASS" starttime="20231113 17:22:50.684" endtime="20231113 17:22:50.685"/>
</test>
<test id="s1-s2-t6" name="Register With Valid Username And Long Enough Password Containing Only Letters" line="26">
<kw name="Input New Command And Create User" type="SETUP">
<kw name="Input New Command" library="resource">
<kw name="Input" library="AppLibrary">
<arg>new</arg>
<status status="PASS" starttime="20231113 17:22:50.686" endtime="20231113 17:22:50.686"/>
</kw>
<status status="PASS" starttime="20231113 17:22:50.685" endtime="20231113 17:22:50.686"/>
</kw>
<kw name="Create User" library="AppLibrary">
<arg>kalle</arg>
<arg>kalle123</arg>
<status status="PASS" starttime="20231113 17:22:50.686" endtime="20231113 17:22:50.686"/>
</kw>
<status status="PASS" starttime="20231113 17:22:50.685" endtime="20231113 17:22:50.686"/>
</kw>
<kw name="Input Credentials" library="resource">
<arg>moikka</arg>
<arg>moimoimoi</arg>
<kw name="Input" library="AppLibrary">
<arg>${username}</arg>
<status status="PASS" starttime="20231113 17:22:50.686" endtime="20231113 17:22:50.686"/>
</kw>
<kw name="Input" library="AppLibrary">
<arg>${password}</arg>
<status status="PASS" starttime="20231113 17:22:50.686" endtime="20231113 17:22:50.686"/>
</kw>
<kw name="Run Application" library="AppLibrary">
<status status="PASS" starttime="20231113 17:22:50.686" endtime="20231113 17:22:50.686"/>
</kw>
<status status="PASS" starttime="20231113 17:22:50.686" endtime="20231113 17:22:50.686"/>
</kw>
<kw name="Output Should Contain" library="AppLibrary">
<arg>Password can't only contain letters</arg>
<status status="PASS" starttime="20231113 17:22:50.686" endtime="20231113 17:22:50.687"/>
</kw>
<status status="PASS" starttime="20231113 17:22:50.685" endtime="20231113 17:22:50.687"/>
</test>
<status status="PASS" starttime="20231113 17:22:50.675" endtime="20231113 17:22:50.687"/>
</suite>
<status status="PASS" starttime="20231113 17:22:50.657" endtime="20231113 17:22:50.687"/>
</suite>
<statistics>
<total>
<stat pass="9" fail="0" skip="0">All Tests</stat>
</total>
<tag>
</tag>
<suite>
<stat pass="9" fail="0" skip="0" id="s1" name="Tests">Tests</stat>
<stat pass="3" fail="0" skip="0" id="s1-s1" name="Login">Tests.Login</stat>
<stat pass="6" fail="0" skip="0" id="s1-s2" name="Register">Tests.Register</stat>
</suite>
</statistics>
<errors>
</errors>
</robot>
